[2024-07-31T15:35:00.142+0000] {taskinstance.py:1171} INFO - Dependencies all met for <TaskInstance: Pipeline_.FetchFromPostgresql scheduled__2024-07-24T06:30:00+00:00 [queued]>
[2024-07-31T15:35:00.197+0000] {taskinstance.py:1171} INFO - Dependencies all met for <TaskInstance: Pipeline_.FetchFromPostgresql scheduled__2024-07-24T06:30:00+00:00 [queued]>
[2024-07-31T15:35:00.199+0000] {taskinstance.py:1368} INFO - 
--------------------------------------------------------------------------------
[2024-07-31T15:35:00.201+0000] {taskinstance.py:1369} INFO - Starting attempt 4 of 7
[2024-07-31T15:35:00.201+0000] {taskinstance.py:1370} INFO - 
--------------------------------------------------------------------------------
[2024-07-31T15:35:00.239+0000] {taskinstance.py:1389} INFO - Executing <Task(PythonOperator): FetchFromPostgresql> on 2024-07-24 06:30:00+00:00
[2024-07-31T15:35:00.246+0000] {standard_task_runner.py:52} INFO - Started process 436 to run task
[2024-07-31T15:35:00.259+0000] {standard_task_runner.py:79} INFO - Running: ['***', 'tasks', 'run', 'Pipeline_', 'FetchFromPostgresql', 'scheduled__2024-07-24T06:30:00+00:00', '--job-id', '44', '--raw', '--subdir', 'DAGS_FOLDER/pipeline_ETL_dataRaw_to_dataClean.py', '--cfg-path', '/tmp/tmpq4waxk94', '--error-file', '/tmp/tmp77mfyr6x']
[2024-07-31T15:35:00.264+0000] {standard_task_runner.py:80} INFO - Job 44: Subtask FetchFromPostgresql
[2024-07-31T15:35:00.641+0000] {task_command.py:371} INFO - Running <TaskInstance: Pipeline_.FetchFromPostgresql scheduled__2024-07-24T06:30:00+00:00 [running]> on host 44d2c61df54a
[2024-07-31T15:35:00.965+0000] {taskinstance.py:1583} INFO - Exporting the following env vars:
AIRFLOW_CTX_DAG_OWNER=yudis_aditya2
AIRFLOW_CTX_DAG_ID=Pipeline_
AIRFLOW_CTX_TASK_ID=FetchFromPostgresql
AIRFLOW_CTX_EXECUTION_DATE=2024-07-24T06:30:00+00:00
AIRFLOW_CTX_TRY_NUMBER=4
AIRFLOW_CTX_DAG_RUN_ID=scheduled__2024-07-24T06:30:00+00:00
[2024-07-31T15:35:01.180+0000] {python.py:173} INFO - Done. Returned value was: None
[2024-07-31T15:35:01.284+0000] {taskinstance.py:1412} INFO - Marking task as SUCCESS. dag_id=Pipeline_, task_id=FetchFromPostgresql, execution_date=20240724T063000, start_date=20240731T153500, end_date=20240731T153501
[2024-07-31T15:35:01.372+0000] {local_task_job.py:156} INFO - Task exited with return code 0
[2024-07-31T15:35:01.538+0000] {local_task_job.py:279} INFO - 0 downstream tasks scheduled from follow-on schedule check
