[2024-07-31T15:35:00.108+0000] {taskinstance.py:1171} INFO - Dependencies all met for <TaskInstance: Pipeline_.FetchFromPostgresql scheduled__2024-07-29T06:30:00+00:00 [queued]>
[2024-07-31T15:35:00.122+0000] {taskinstance.py:1171} INFO - Dependencies all met for <TaskInstance: Pipeline_.FetchFromPostgresql scheduled__2024-07-29T06:30:00+00:00 [queued]>
[2024-07-31T15:35:00.125+0000] {taskinstance.py:1368} INFO - 
--------------------------------------------------------------------------------
[2024-07-31T15:35:00.126+0000] {taskinstance.py:1369} INFO - Starting attempt 4 of 7
[2024-07-31T15:35:00.127+0000] {taskinstance.py:1370} INFO - 
--------------------------------------------------------------------------------
[2024-07-31T15:35:00.183+0000] {taskinstance.py:1389} INFO - Executing <Task(PythonOperator): FetchFromPostgresql> on 2024-07-29 06:30:00+00:00
[2024-07-31T15:35:00.197+0000] {standard_task_runner.py:52} INFO - Started process 434 to run task
[2024-07-31T15:35:00.207+0000] {standard_task_runner.py:79} INFO - Running: ['***', 'tasks', 'run', 'Pipeline_', 'FetchFromPostgresql', 'scheduled__2024-07-29T06:30:00+00:00', '--job-id', '45', '--raw', '--subdir', 'DAGS_FOLDER/pipeline_ETL_dataRaw_to_dataClean.py', '--cfg-path', '/tmp/tmpbmdy1mys', '--error-file', '/tmp/tmp3jly1yw6']
[2024-07-31T15:35:00.212+0000] {standard_task_runner.py:80} INFO - Job 45: Subtask FetchFromPostgresql
[2024-07-31T15:35:00.500+0000] {task_command.py:371} INFO - Running <TaskInstance: Pipeline_.FetchFromPostgresql scheduled__2024-07-29T06:30:00+00:00 [running]> on host 44d2c61df54a
[2024-07-31T15:35:00.893+0000] {taskinstance.py:1583} INFO - Exporting the following env vars:
AIRFLOW_CTX_DAG_OWNER=yudis_aditya2
AIRFLOW_CTX_DAG_ID=Pipeline_
AIRFLOW_CTX_TASK_ID=FetchFromPostgresql
AIRFLOW_CTX_EXECUTION_DATE=2024-07-29T06:30:00+00:00
AIRFLOW_CTX_TRY_NUMBER=4
AIRFLOW_CTX_DAG_RUN_ID=scheduled__2024-07-29T06:30:00+00:00
[2024-07-31T15:35:01.164+0000] {python.py:173} INFO - Done. Returned value was: None
[2024-07-31T15:35:01.248+0000] {taskinstance.py:1412} INFO - Marking task as SUCCESS. dag_id=Pipeline_, task_id=FetchFromPostgresql, execution_date=20240729T063000, start_date=20240731T153500, end_date=20240731T153501
[2024-07-31T15:35:01.325+0000] {local_task_job.py:156} INFO - Task exited with return code 0
[2024-07-31T15:35:01.536+0000] {local_task_job.py:279} INFO - 0 downstream tasks scheduled from follow-on schedule check
