[2024-07-31T15:20:36.057+0000] {manager.py:480} INFO - Processing files using up to 2 processes at a time 
[2024-07-31T15:20:36.060+0000] {manager.py:481} INFO - Process each file at most once every 30 seconds
[2024-07-31T15:20:36.061+0000] {manager.py:483} INFO - Checking for new files in /opt/airflow/dags every 300 seconds
[2024-07-31T15:20:36.062+0000] {manager.py:709} INFO - Searching for files in /opt/airflow/dags
[2024-07-31T15:20:36.064+0000] {manager.py:712} INFO - There are 0 files in /opt/airflow/dags
[2024-07-31T15:25:36.622+0000] {manager.py:709} INFO - Searching for files in /opt/airflow/dags
[2024-07-31T15:25:36.641+0000] {manager.py:712} INFO - There are 1 files in /opt/airflow/dags
[2024-07-31T15:25:37.701+0000] {manager.py:828} INFO - 
================================================================================
DAG File Processing Stats

File Path                                                 PID  Runtime      # DAGs    # Errors  Last Runtime    Last Run
------------------------------------------------------  -----  ---------  --------  ----------  --------------  ----------
/opt/airflow/dags/pipeline_ETL_dataRaw_to_dataClean.py    187  1.03s             0           0
================================================================================
[2024-07-31T15:26:07.864+0000] {manager.py:828} INFO - 
================================================================================
DAG File Processing Stats

File Path                                               PID    Runtime      # DAGs    # Errors  Last Runtime    Last Run
------------------------------------------------------  -----  ---------  --------  ----------  --------------  -------------------
/opt/airflow/dags/pipeline_ETL_dataRaw_to_dataClean.py                           1           0  2.00s           2024-07-31T15:25:38
================================================================================
[2024-07-31T15:26:38.060+0000] {manager.py:828} INFO - 
================================================================================
DAG File Processing Stats

File Path                                               PID    Runtime      # DAGs    # Errors  Last Runtime    Last Run
------------------------------------------------------  -----  ---------  --------  ----------  --------------  -------------------
/opt/airflow/dags/pipeline_ETL_dataRaw_to_dataClean.py                           1           0  0.93s           2024-07-31T15:26:09
================================================================================
[2024-07-31T15:27:08.217+0000] {manager.py:828} INFO - 
================================================================================
DAG File Processing Stats

File Path                                               PID    Runtime      # DAGs    # Errors  Last Runtime    Last Run
------------------------------------------------------  -----  ---------  --------  ----------  --------------  -------------------
/opt/airflow/dags/pipeline_ETL_dataRaw_to_dataClean.py                           1           0  0.80s           2024-07-31T15:26:40
================================================================================
[2024-07-31T15:27:38.392+0000] {manager.py:828} INFO - 
================================================================================
DAG File Processing Stats

File Path                                               PID    Runtime      # DAGs    # Errors  Last Runtime    Last Run
------------------------------------------------------  -----  ---------  --------  ----------  --------------  -------------------
/opt/airflow/dags/pipeline_ETL_dataRaw_to_dataClean.py                           1           0  0.74s           2024-07-31T15:27:11
================================================================================
[2024-07-31T15:28:08.571+0000] {manager.py:828} INFO - 
================================================================================
DAG File Processing Stats

File Path                                               PID    Runtime      # DAGs    # Errors  Last Runtime    Last Run
------------------------------------------------------  -----  ---------  --------  ----------  --------------  -------------------
/opt/airflow/dags/pipeline_ETL_dataRaw_to_dataClean.py                           1           0  0.76s           2024-07-31T15:27:42
================================================================================
[2024-07-31T15:28:38.760+0000] {manager.py:828} INFO - 
================================================================================
DAG File Processing Stats

File Path                                               PID    Runtime      # DAGs    # Errors  Last Runtime    Last Run
------------------------------------------------------  -----  ---------  --------  ----------  --------------  -------------------
/opt/airflow/dags/pipeline_ETL_dataRaw_to_dataClean.py                           1           0  0.87s           2024-07-31T15:28:13
================================================================================
[2024-07-31T15:29:08.976+0000] {manager.py:828} INFO - 
================================================================================
DAG File Processing Stats

File Path                                               PID    Runtime      # DAGs    # Errors  Last Runtime    Last Run
------------------------------------------------------  -----  ---------  --------  ----------  --------------  -------------------
/opt/airflow/dags/pipeline_ETL_dataRaw_to_dataClean.py                           1           0  0.70s           2024-07-31T15:28:44
================================================================================
[2024-07-31T15:29:39.116+0000] {manager.py:828} INFO - 
================================================================================
DAG File Processing Stats

File Path                                               PID    Runtime      # DAGs    # Errors  Last Runtime    Last Run
------------------------------------------------------  -----  ---------  --------  ----------  --------------  -------------------
/opt/airflow/dags/pipeline_ETL_dataRaw_to_dataClean.py                           1           0  0.73s           2024-07-31T15:29:15
================================================================================
[2024-07-31T15:30:09.276+0000] {manager.py:828} INFO - 
================================================================================
DAG File Processing Stats

File Path                                               PID    Runtime      # DAGs    # Errors  Last Runtime    Last Run
------------------------------------------------------  -----  ---------  --------  ----------  --------------  -------------------
/opt/airflow/dags/pipeline_ETL_dataRaw_to_dataClean.py                           1           0  0.90s           2024-07-31T15:29:46
================================================================================
[2024-07-31T15:30:36.686+0000] {manager.py:709} INFO - Searching for files in /opt/airflow/dags
[2024-07-31T15:30:36.702+0000] {manager.py:712} INFO - There are 1 files in /opt/airflow/dags
[2024-07-31T15:30:39.410+0000] {manager.py:828} INFO - 
================================================================================
DAG File Processing Stats

File Path                                               PID    Runtime      # DAGs    # Errors  Last Runtime    Last Run
------------------------------------------------------  -----  ---------  --------  ----------  --------------  -------------------
/opt/airflow/dags/pipeline_ETL_dataRaw_to_dataClean.py                           1           0  0.68s           2024-07-31T15:30:17
================================================================================
[2024-07-31T15:31:09.474+0000] {manager.py:828} INFO - 
================================================================================
DAG File Processing Stats

File Path                                               PID    Runtime      # DAGs    # Errors  Last Runtime    Last Run
------------------------------------------------------  -----  ---------  --------  ----------  --------------  -------------------
/opt/airflow/dags/pipeline_ETL_dataRaw_to_dataClean.py                           1           0  0.89s           2024-07-31T15:30:48
================================================================================
[2024-07-31T15:31:40.057+0000] {manager.py:828} INFO - 
================================================================================
DAG File Processing Stats

File Path                                               PID    Runtime      # DAGs    # Errors  Last Runtime    Last Run
------------------------------------------------------  -----  ---------  --------  ----------  --------------  -------------------
/opt/airflow/dags/pipeline_ETL_dataRaw_to_dataClean.py                           1           0  0.77s           2024-07-31T15:31:19
================================================================================
[2024-07-31T15:32:10.246+0000] {manager.py:828} INFO - 
================================================================================
DAG File Processing Stats

File Path                                               PID    Runtime      # DAGs    # Errors  Last Runtime    Last Run
------------------------------------------------------  -----  ---------  --------  ----------  --------------  -------------------
/opt/airflow/dags/pipeline_ETL_dataRaw_to_dataClean.py                           1           0  0.84s           2024-07-31T15:31:50
================================================================================
[2024-07-31T15:32:40.323+0000] {manager.py:828} INFO - 
================================================================================
DAG File Processing Stats

File Path                                               PID    Runtime      # DAGs    # Errors  Last Runtime    Last Run
------------------------------------------------------  -----  ---------  --------  ----------  --------------  -------------------
/opt/airflow/dags/pipeline_ETL_dataRaw_to_dataClean.py                           1           0  0.82s           2024-07-31T15:32:38
================================================================================
[2024-07-31T15:33:10.454+0000] {manager.py:828} INFO - 
================================================================================
DAG File Processing Stats

File Path                                                 PID  Runtime      # DAGs    # Errors  Last Runtime    Last Run
------------------------------------------------------  -----  ---------  --------  ----------  --------------  -------------------
/opt/airflow/dags/pipeline_ETL_dataRaw_to_dataClean.py    282  2.16s             1           0  0.82s           2024-07-31T15:32:38
================================================================================
[2024-07-31T15:33:41.551+0000] {manager.py:828} INFO - 
================================================================================
DAG File Processing Stats

File Path                                                 PID  Runtime      # DAGs    # Errors  Last Runtime    Last Run
------------------------------------------------------  -----  ---------  --------  ----------  --------------  -------------------
/opt/airflow/dags/pipeline_ETL_dataRaw_to_dataClean.py    321  0.01s             1           0  2.80s           2024-07-31T15:33:11
================================================================================
[2024-07-31T15:34:10.830+0000] {manager.py:828} INFO - 
================================================================================
DAG File Processing Stats

File Path                                               PID    Runtime      # DAGs    # Errors  Last Runtime    Last Run
------------------------------------------------------  -----  ---------  --------  ----------  --------------  -------------------
/opt/airflow/dags/pipeline_ETL_dataRaw_to_dataClean.py                           1           0  7.17s           2024-07-31T15:33:48
================================================================================
[2024-07-31T15:34:40.858+0000] {manager.py:828} INFO - 
================================================================================
DAG File Processing Stats

File Path                                               PID    Runtime      # DAGs    # Errors  Last Runtime    Last Run
------------------------------------------------------  -----  ---------  --------  ----------  --------------  -------------------
/opt/airflow/dags/pipeline_ETL_dataRaw_to_dataClean.py                           1           0  1.51s           2024-07-31T15:34:30
================================================================================
[2024-07-31T15:35:10.954+0000] {manager.py:828} INFO - 
================================================================================
DAG File Processing Stats

File Path                                               PID    Runtime      # DAGs    # Errors  Last Runtime    Last Run
------------------------------------------------------  -----  ---------  --------  ----------  --------------  -------------------
/opt/airflow/dags/pipeline_ETL_dataRaw_to_dataClean.py                           1           0  1.73s           2024-07-31T15:35:02
================================================================================
[2024-07-31T15:35:36.859+0000] {manager.py:709} INFO - Searching for files in /opt/airflow/dags
[2024-07-31T15:35:36.868+0000] {manager.py:712} INFO - There are 1 files in /opt/airflow/dags
[2024-07-31T15:35:41.135+0000] {manager.py:828} INFO - 
================================================================================
DAG File Processing Stats

File Path                                               PID    Runtime      # DAGs    # Errors  Last Runtime    Last Run
------------------------------------------------------  -----  ---------  --------  ----------  --------------  -------------------
/opt/airflow/dags/pipeline_ETL_dataRaw_to_dataClean.py                           1           0  4.39s           2024-07-31T15:35:37
================================================================================
[2024-07-31T15:36:11.855+0000] {manager.py:828} INFO - 
================================================================================
DAG File Processing Stats

File Path                                                 PID  Runtime      # DAGs    # Errors  Last Runtime    Last Run
------------------------------------------------------  -----  ---------  --------  ----------  --------------  -------------------
/opt/airflow/dags/pipeline_ETL_dataRaw_to_dataClean.py    450  4.22s             1           0  4.39s           2024-07-31T15:35:37
================================================================================
[2024-07-31T15:36:42.249+0000] {manager.py:828} INFO - 
================================================================================
DAG File Processing Stats

File Path                                               PID    Runtime      # DAGs    # Errors  Last Runtime    Last Run
------------------------------------------------------  -----  ---------  --------  ----------  --------------  -------------------
/opt/airflow/dags/pipeline_ETL_dataRaw_to_dataClean.py                           1           0  4.67s           2024-07-31T15:36:12
================================================================================
[2024-07-31T15:37:12.573+0000] {manager.py:828} INFO - 
================================================================================
DAG File Processing Stats

File Path                                               PID    Runtime      # DAGs    # Errors  Last Runtime    Last Run
------------------------------------------------------  -----  ---------  --------  ----------  --------------  -------------------
/opt/airflow/dags/pipeline_ETL_dataRaw_to_dataClean.py                           1           0  2.11s           2024-07-31T15:36:44
================================================================================
[2024-07-31T15:37:42.795+0000] {manager.py:828} INFO - 
================================================================================
DAG File Processing Stats

File Path                                               PID    Runtime      # DAGs    # Errors  Last Runtime    Last Run
------------------------------------------------------  -----  ---------  --------  ----------  --------------  -------------------
/opt/airflow/dags/pipeline_ETL_dataRaw_to_dataClean.py                           1           0  4.69s           2024-07-31T15:37:19
================================================================================
[2024-07-31T15:38:13.108+0000] {manager.py:828} INFO - 
================================================================================
DAG File Processing Stats

File Path                                               PID    Runtime      # DAGs    # Errors  Last Runtime    Last Run
------------------------------------------------------  -----  ---------  --------  ----------  --------------  -------------------
/opt/airflow/dags/pipeline_ETL_dataRaw_to_dataClean.py                           1           0  1.81s           2024-07-31T15:37:51
================================================================================
[2024-07-31T15:38:43.130+0000] {manager.py:828} INFO - 
================================================================================
DAG File Processing Stats

File Path                                               PID    Runtime      # DAGs    # Errors  Last Runtime    Last Run
------------------------------------------------------  -----  ---------  --------  ----------  --------------  -------------------
/opt/airflow/dags/pipeline_ETL_dataRaw_to_dataClean.py                           1           0  4.76s           2024-07-31T15:38:26
================================================================================
[2024-07-31T15:39:13.234+0000] {manager.py:828} INFO - 
================================================================================
DAG File Processing Stats

File Path                                               PID    Runtime      # DAGs    # Errors  Last Runtime    Last Run
------------------------------------------------------  -----  ---------  --------  ----------  --------------  -------------------
/opt/airflow/dags/pipeline_ETL_dataRaw_to_dataClean.py                           1           0  5.86s           2024-07-31T15:39:03
================================================================================
[2024-07-31T15:39:43.942+0000] {manager.py:828} INFO - 
================================================================================
DAG File Processing Stats

File Path                                               PID    Runtime      # DAGs    # Errors  Last Runtime    Last Run
------------------------------------------------------  -----  ---------  --------  ----------  --------------  -------------------
/opt/airflow/dags/pipeline_ETL_dataRaw_to_dataClean.py                           1           0  7.24s           2024-07-31T15:39:40
================================================================================
[2024-07-31T15:40:14.193+0000] {manager.py:828} INFO - 
================================================================================
DAG File Processing Stats

File Path                                               PID    Runtime      # DAGs    # Errors  Last Runtime    Last Run
------------------------------------------------------  -----  ---------  --------  ----------  --------------  -------------------
/opt/airflow/dags/pipeline_ETL_dataRaw_to_dataClean.py                           1           0  1.48s           2024-07-31T15:40:12
================================================================================
[2024-07-31T15:40:37.379+0000] {manager.py:709} INFO - Searching for files in /opt/airflow/dags
[2024-07-31T15:40:37.394+0000] {manager.py:712} INFO - There are 1 files in /opt/airflow/dags
[2024-07-31T15:40:44.574+0000] {manager.py:828} INFO - 
================================================================================
DAG File Processing Stats

File Path                                                 PID  Runtime      # DAGs    # Errors  Last Runtime    Last Run
------------------------------------------------------  -----  ---------  --------  ----------  --------------  -------------------
/opt/airflow/dags/pipeline_ETL_dataRaw_to_dataClean.py    498  1.74s             1           0  1.48s           2024-07-31T15:40:12
================================================================================
[2024-07-31T15:41:15.052+0000] {manager.py:828} INFO - 
================================================================================
DAG File Processing Stats

File Path                                               PID    Runtime      # DAGs    # Errors  Last Runtime    Last Run
------------------------------------------------------  -----  ---------  --------  ----------  --------------  -------------------
/opt/airflow/dags/pipeline_ETL_dataRaw_to_dataClean.py                           1           0  3.98s           2024-07-31T15:40:46
================================================================================
[2024-07-31T15:41:45.013+0000] {manager.py:828} INFO - 
================================================================================
DAG File Processing Stats

File Path                                               PID    Runtime      # DAGs    # Errors  Last Runtime    Last Run
------------------------------------------------------  -----  ---------  --------  ----------  --------------  -------------------
/opt/airflow/dags/pipeline_ETL_dataRaw_to_dataClean.py                           1           0  4.34s           2024-07-31T15:41:21
================================================================================
[2024-07-31T15:42:15.253+0000] {manager.py:828} INFO - 
================================================================================
DAG File Processing Stats

File Path                                               PID    Runtime      # DAGs    # Errors  Last Runtime    Last Run
------------------------------------------------------  -----  ---------  --------  ----------  --------------  -------------------
/opt/airflow/dags/pipeline_ETL_dataRaw_to_dataClean.py                           1           0  4.26s           2024-07-31T15:41:56
================================================================================
[2024-07-31T15:42:45.564+0000] {manager.py:828} INFO - 
================================================================================
DAG File Processing Stats

File Path                                               PID    Runtime      # DAGs    # Errors  Last Runtime    Last Run
------------------------------------------------------  -----  ---------  --------  ----------  --------------  -------------------
/opt/airflow/dags/pipeline_ETL_dataRaw_to_dataClean.py                           1           0  1.71s           2024-07-31T15:42:28
================================================================================
[2024-07-31T15:43:16.033+0000] {manager.py:828} INFO - 
================================================================================
DAG File Processing Stats

File Path                                               PID    Runtime      # DAGs    # Errors  Last Runtime    Last Run
------------------------------------------------------  -----  ---------  --------  ----------  --------------  -------------------
/opt/airflow/dags/pipeline_ETL_dataRaw_to_dataClean.py                           1           0  1.16s           2024-07-31T15:42:59
================================================================================
[2024-07-31T15:43:46.222+0000] {manager.py:828} INFO - 
================================================================================
DAG File Processing Stats

File Path                                               PID    Runtime      # DAGs    # Errors  Last Runtime    Last Run
------------------------------------------------------  -----  ---------  --------  ----------  --------------  -------------------
/opt/airflow/dags/pipeline_ETL_dataRaw_to_dataClean.py                           1           0  4.96s           2024-07-31T15:43:35
================================================================================
[2024-07-31T15:44:16.326+0000] {manager.py:828} INFO - 
================================================================================
DAG File Processing Stats

File Path                                               PID    Runtime      # DAGs    # Errors  Last Runtime    Last Run
------------------------------------------------------  -----  ---------  --------  ----------  --------------  -------------------
/opt/airflow/dags/pipeline_ETL_dataRaw_to_dataClean.py                           1           0  1.84s           2024-07-31T15:44:07
================================================================================
[2024-07-31T15:44:46.895+0000] {manager.py:828} INFO - 
================================================================================
DAG File Processing Stats

File Path                                               PID    Runtime      # DAGs    # Errors  Last Runtime    Last Run
------------------------------------------------------  -----  ---------  --------  ----------  --------------  -------------------
/opt/airflow/dags/pipeline_ETL_dataRaw_to_dataClean.py                           1           0  6.36s           2024-07-31T15:44:43
================================================================================
[2024-07-31T15:45:17.370+0000] {manager.py:828} INFO - 
================================================================================
DAG File Processing Stats

File Path                                               PID    Runtime      # DAGs    # Errors  Last Runtime    Last Run
------------------------------------------------------  -----  ---------  --------  ----------  --------------  -------------------
/opt/airflow/dags/pipeline_ETL_dataRaw_to_dataClean.py                           1           0  2.58s           2024-07-31T15:45:16
================================================================================
[2024-07-31T15:45:37.719+0000] {manager.py:709} INFO - Searching for files in /opt/airflow/dags
[2024-07-31T15:45:37.742+0000] {manager.py:712} INFO - There are 1 files in /opt/airflow/dags
[2024-07-31T15:45:48.603+0000] {manager.py:828} INFO - 
================================================================================
DAG File Processing Stats

File Path                                                 PID  Runtime      # DAGs    # Errors  Last Runtime    Last Run
------------------------------------------------------  -----  ---------  --------  ----------  --------------  -------------------
/opt/airflow/dags/pipeline_ETL_dataRaw_to_dataClean.py    552  0.13s             1           0  2.58s           2024-07-31T15:45:16
================================================================================
[2024-07-31T15:46:19.292+0000] {manager.py:828} INFO - 
================================================================================
DAG File Processing Stats

File Path                                               PID    Runtime      # DAGs    # Errors  Last Runtime    Last Run
------------------------------------------------------  -----  ---------  --------  ----------  --------------  -------------------
/opt/airflow/dags/pipeline_ETL_dataRaw_to_dataClean.py                           1           0  3.45s           2024-07-31T15:45:51
================================================================================
[2024-07-31T15:46:49.871+0000] {manager.py:828} INFO - 
================================================================================
DAG File Processing Stats

File Path                                               PID    Runtime      # DAGs    # Errors  Last Runtime    Last Run
------------------------------------------------------  -----  ---------  --------  ----------  --------------  -------------------
/opt/airflow/dags/pipeline_ETL_dataRaw_to_dataClean.py                           1           0  5.66s           2024-07-31T15:46:28
================================================================================
[2024-07-31T15:47:20.542+0000] {manager.py:828} INFO - 
================================================================================
DAG File Processing Stats

File Path                                               PID    Runtime      # DAGs    # Errors  Last Runtime    Last Run
------------------------------------------------------  -----  ---------  --------  ----------  --------------  -------------------
/opt/airflow/dags/pipeline_ETL_dataRaw_to_dataClean.py                           1           0  5.80s           2024-07-31T15:47:04
================================================================================
[2024-07-31T15:47:50.780+0000] {manager.py:828} INFO - 
================================================================================
DAG File Processing Stats

File Path                                               PID    Runtime      # DAGs    # Errors  Last Runtime    Last Run
------------------------------------------------------  -----  ---------  --------  ----------  --------------  -------------------
/opt/airflow/dags/pipeline_ETL_dataRaw_to_dataClean.py                           1           0  2.03s           2024-07-31T15:47:37
================================================================================
[2024-07-31T15:48:21.366+0000] {manager.py:828} INFO - 
================================================================================
DAG File Processing Stats

File Path                                               PID    Runtime      # DAGs    # Errors  Last Runtime    Last Run
------------------------------------------------------  -----  ---------  --------  ----------  --------------  -------------------
/opt/airflow/dags/pipeline_ETL_dataRaw_to_dataClean.py                           1           0  3.45s           2024-07-31T15:48:10
================================================================================
[2024-07-31T15:48:51.714+0000] {manager.py:828} INFO - 
================================================================================
DAG File Processing Stats

File Path                                                 PID  Runtime      # DAGs    # Errors  Last Runtime    Last Run
------------------------------------------------------  -----  ---------  --------  ----------  --------------  -------------------
/opt/airflow/dags/pipeline_ETL_dataRaw_to_dataClean.py    582  10.73s            1           0  3.45s           2024-07-31T15:48:10
================================================================================
[2024-07-31T15:49:22.101+0000] {manager.py:828} INFO - 
================================================================================
DAG File Processing Stats

File Path                                               PID    Runtime      # DAGs    # Errors  Last Runtime    Last Run
------------------------------------------------------  -----  ---------  --------  ----------  --------------  -------------------
/opt/airflow/dags/pipeline_ETL_dataRaw_to_dataClean.py                           1           0  11.61s          2024-07-31T15:48:52
================================================================================
[2024-07-31T15:49:52.498+0000] {manager.py:828} INFO - 
================================================================================
DAG File Processing Stats

File Path                                               PID    Runtime      # DAGs    # Errors  Last Runtime    Last Run
------------------------------------------------------  -----  ---------  --------  ----------  --------------  -------------------
/opt/airflow/dags/pipeline_ETL_dataRaw_to_dataClean.py                           1           0  2.81s           2024-07-31T15:49:25
================================================================================
[2024-07-31T15:50:22.886+0000] {manager.py:828} INFO - 
================================================================================
DAG File Processing Stats

File Path                                               PID    Runtime      # DAGs    # Errors  Last Runtime    Last Run
------------------------------------------------------  -----  ---------  --------  ----------  --------------  -------------------
/opt/airflow/dags/pipeline_ETL_dataRaw_to_dataClean.py                           1           0  2.81s           2024-07-31T15:49:59
================================================================================
[2024-07-31T15:50:37.754+0000] {manager.py:709} INFO - Searching for files in /opt/airflow/dags
[2024-07-31T15:50:37.759+0000] {manager.py:712} INFO - There are 1 files in /opt/airflow/dags
[2024-07-31T15:50:52.937+0000] {manager.py:828} INFO - 
================================================================================
DAG File Processing Stats

File Path                                               PID    Runtime      # DAGs    # Errors  Last Runtime    Last Run
------------------------------------------------------  -----  ---------  --------  ----------  --------------  -------------------
/opt/airflow/dags/pipeline_ETL_dataRaw_to_dataClean.py                           1           0  0.77s           2024-07-31T15:50:37
================================================================================
[2024-07-31T15:51:23.637+0000] {manager.py:828} INFO - 
================================================================================
DAG File Processing Stats

File Path                                               PID    Runtime      # DAGs    # Errors  Last Runtime    Last Run
------------------------------------------------------  -----  ---------  --------  ----------  --------------  -------------------
/opt/airflow/dags/pipeline_ETL_dataRaw_to_dataClean.py                           1           0  8.75s           2024-07-31T15:51:16
================================================================================
[2024-07-31T15:51:54.020+0000] {manager.py:828} INFO - 
================================================================================
DAG File Processing Stats

File Path                                                 PID  Runtime      # DAGs    # Errors  Last Runtime    Last Run
------------------------------------------------------  -----  ---------  --------  ----------  --------------  -------------------
/opt/airflow/dags/pipeline_ETL_dataRaw_to_dataClean.py    630  0.03s             1           0  4.67s           2024-07-31T15:51:45
================================================================================
[2024-07-31T15:52:24.898+0000] {manager.py:828} INFO - 
================================================================================
DAG File Processing Stats

File Path                                               PID    Runtime      # DAGs    # Errors  Last Runtime    Last Run
------------------------------------------------------  -----  ---------  --------  ----------  --------------  -------------------
/opt/airflow/dags/pipeline_ETL_dataRaw_to_dataClean.py                           1           0  5.58s           2024-07-31T15:51:59
================================================================================
[2024-07-31T15:52:52.473+0000] {manager.py:511} INFO - DAG Pipeline_ is missing and will be deactivated.
[2024-07-31T15:52:52.516+0000] {manager.py:521} INFO - Deactivated 1 DAGs which are no longer present in file.
[2024-07-31T15:52:55.556+0000] {manager.py:828} INFO - 
================================================================================
DAG File Processing Stats

File Path                                               PID    Runtime      # DAGs    # Errors  Last Runtime    Last Run
------------------------------------------------------  -----  ---------  --------  ----------  --------------  -------------------
/opt/airflow/dags/pipeline_ETL_dataRaw_to_dataClean.py                           1           0  1.22s           2024-07-31T15:52:43
================================================================================
[2024-07-31T15:53:26.061+0000] {manager.py:828} INFO - 
================================================================================
DAG File Processing Stats

File Path                                               PID    Runtime      # DAGs    # Errors  Last Runtime    Last Run
------------------------------------------------------  -----  ---------  --------  ----------  --------------  -------------------
/opt/airflow/dags/pipeline_ETL_dataRaw_to_dataClean.py                           1           0  1.62s           2024-07-31T15:53:24
================================================================================
[2024-07-31T15:53:56.834+0000] {manager.py:828} INFO - 
================================================================================
DAG File Processing Stats

File Path                                               PID    Runtime      # DAGs    # Errors  Last Runtime    Last Run
------------------------------------------------------  -----  ---------  --------  ----------  --------------  -------------------
/opt/airflow/dags/pipeline_ETL_dataRaw_to_dataClean.py                           1           0  4.50s           2024-07-31T15:53:43
================================================================================
[2024-07-31T15:54:27.675+0000] {manager.py:828} INFO - 
================================================================================
DAG File Processing Stats

File Path                                                 PID  Runtime      # DAGs    # Errors  Last Runtime    Last Run
------------------------------------------------------  -----  ---------  --------  ----------  --------------  -------------------
/opt/airflow/dags/pipeline_ETL_dataRaw_to_dataClean.py    711  4.60s             1           0  3.57s           2024-07-31T15:54:17
================================================================================
[2024-07-31T15:54:58.174+0000] {manager.py:828} INFO - 
================================================================================
DAG File Processing Stats

File Path                                               PID    Runtime      # DAGs    # Errors  Last Runtime    Last Run
------------------------------------------------------  -----  ---------  --------  ----------  --------------  -------------------
/opt/airflow/dags/pipeline_ETL_dataRaw_to_dataClean.py                           1           0  5.47s           2024-07-31T15:54:28
================================================================================
[2024-07-31T15:55:28.979+0000] {manager.py:828} INFO - 
================================================================================
DAG File Processing Stats

File Path                                                 PID  Runtime      # DAGs    # Errors  Last Runtime    Last Run
------------------------------------------------------  -----  ---------  --------  ----------  --------------  -------------------
/opt/airflow/dags/pipeline_ETL_dataRaw_to_dataClean.py    723  2.17s             1           0  1.31s           2024-07-31T15:55:00
================================================================================
[2024-07-31T15:55:37.873+0000] {manager.py:709} INFO - Searching for files in /opt/airflow/dags
[2024-07-31T15:55:37.888+0000] {manager.py:712} INFO - There are 1 files in /opt/airflow/dags
[2024-07-31T15:55:59.309+0000] {manager.py:828} INFO - 
================================================================================
DAG File Processing Stats

File Path                                               PID    Runtime      # DAGs    # Errors  Last Runtime    Last Run
------------------------------------------------------  -----  ---------  --------  ----------  --------------  -------------------
/opt/airflow/dags/pipeline_ETL_dataRaw_to_dataClean.py                           0           1  3.63s           2024-07-31T15:55:46
================================================================================
[2024-07-31T15:56:29.360+0000] {manager.py:828} INFO - 
================================================================================
DAG File Processing Stats

File Path                                               PID    Runtime      # DAGs    # Errors  Last Runtime    Last Run
------------------------------------------------------  -----  ---------  --------  ----------  --------------  -------------------
/opt/airflow/dags/pipeline_ETL_dataRaw_to_dataClean.py                           0           1  5.48s           2024-07-31T15:56:22
================================================================================
[2024-07-31T15:56:54.470+0000] {manager.py:511} INFO - DAG Pipeline_ETL_dataRaw_to_dataClean is missing and will be deactivated.
[2024-07-31T15:56:55.141+0000] {manager.py:521} INFO - Deactivated 1 DAGs which are no longer present in file.
[2024-07-31T15:56:59.570+0000] {manager.py:828} INFO - 
================================================================================
DAG File Processing Stats

File Path                                               PID    Runtime      # DAGs    # Errors  Last Runtime    Last Run
------------------------------------------------------  -----  ---------  --------  ----------  --------------  -------------------
/opt/airflow/dags/pipeline_ETL_dataRaw_to_dataClean.py                           0           1  4.38s           2024-07-31T15:56:57
================================================================================
[2024-07-31T15:57:30.045+0000] {manager.py:828} INFO - 
================================================================================
DAG File Processing Stats

File Path                                               PID    Runtime      # DAGs    # Errors  Last Runtime    Last Run
------------------------------------------------------  -----  ---------  --------  ----------  --------------  -------------------
/opt/airflow/dags/pipeline_ETL_dataRaw_to_dataClean.py                           0           1  1.88s           2024-07-31T15:57:29
================================================================================
[2024-07-31T15:58:00.456+0000] {manager.py:828} INFO - 
================================================================================
DAG File Processing Stats

File Path                                                 PID  Runtime      # DAGs    # Errors  Last Runtime    Last Run
------------------------------------------------------  -----  ---------  --------  ----------  --------------  -------------------
/opt/airflow/dags/pipeline_ETL_dataRaw_to_dataClean.py    753  0.79s             0           1  1.88s           2024-07-31T15:57:29
================================================================================
[2024-07-31T15:58:31.183+0000] {manager.py:828} INFO - 
================================================================================
DAG File Processing Stats

File Path                                               PID    Runtime      # DAGs    # Errors  Last Runtime    Last Run
------------------------------------------------------  -----  ---------  --------  ----------  --------------  -------------------
/opt/airflow/dags/pipeline_ETL_dataRaw_to_dataClean.py                           0           1  4.17s           2024-07-31T15:58:03
================================================================================
[2024-07-31T15:59:01.523+0000] {manager.py:828} INFO - 
================================================================================
DAG File Processing Stats

File Path                                               PID    Runtime      # DAGs    # Errors  Last Runtime    Last Run
------------------------------------------------------  -----  ---------  --------  ----------  --------------  -------------------
/opt/airflow/dags/pipeline_ETL_dataRaw_to_dataClean.py                           0           1  4.66s           2024-07-31T15:58:38
================================================================================
[2024-07-31T15:59:31.922+0000] {manager.py:828} INFO - 
================================================================================
DAG File Processing Stats

File Path                                               PID    Runtime      # DAGs    # Errors  Last Runtime    Last Run
------------------------------------------------------  -----  ---------  --------  ----------  --------------  -------------------
/opt/airflow/dags/pipeline_ETL_dataRaw_to_dataClean.py                           0           1  2.60s           2024-07-31T15:59:11
================================================================================
[2024-07-31T16:00:01.976+0000] {manager.py:828} INFO - 
================================================================================
DAG File Processing Stats

File Path                                               PID    Runtime      # DAGs    # Errors  Last Runtime    Last Run
------------------------------------------------------  -----  ---------  --------  ----------  --------------  -------------------
/opt/airflow/dags/pipeline_ETL_dataRaw_to_dataClean.py                           0           1  4.89s           2024-07-31T15:59:46
================================================================================
[2024-07-31T16:00:32.090+0000] {manager.py:828} INFO - 
================================================================================
DAG File Processing Stats

File Path                                               PID    Runtime      # DAGs    # Errors  Last Runtime    Last Run
------------------------------------------------------  -----  ---------  --------  ----------  --------------  -------------------
/opt/airflow/dags/pipeline_ETL_dataRaw_to_dataClean.py                           0           1  3.69s           2024-07-31T16:00:20
================================================================================
[2024-07-31T16:00:32.794+0000] {manager.py:462} INFO - Exiting gracefully upon receiving signal 15
[2024-07-31T16:01:52.674+0000] {manager.py:480} INFO - Processing files using up to 2 processes at a time 
[2024-07-31T16:01:52.806+0000] {manager.py:481} INFO - Process each file at most once every 30 seconds
[2024-07-31T16:01:52.806+0000] {manager.py:483} INFO - Checking for new files in /opt/airflow/dags every 300 seconds
[2024-07-31T16:01:52.807+0000] {manager.py:709} INFO - Searching for files in /opt/airflow/dags
[2024-07-31T16:01:52.812+0000] {manager.py:712} INFO - There are 1 files in /opt/airflow/dags
[2024-07-31T16:01:52.845+0000] {manager.py:828} INFO - 
================================================================================
DAG File Processing Stats

File Path                                                 PID  Runtime      # DAGs    # Errors  Last Runtime    Last Run
------------------------------------------------------  -----  ---------  --------  ----------  --------------  ----------
/opt/airflow/dags/pipeline_ETL_dataRaw_to_dataClean.py    188  0.01s             0           0
================================================================================
[2024-07-31T16:02:23.031+0000] {manager.py:828} INFO - 
================================================================================
DAG File Processing Stats

File Path                                               PID    Runtime      # DAGs    # Errors  Last Runtime    Last Run
------------------------------------------------------  -----  ---------  --------  ----------  --------------  -------------------
/opt/airflow/dags/pipeline_ETL_dataRaw_to_dataClean.py                           0           1  1.12s           2024-07-31T16:01:53
================================================================================
[2024-07-31T16:02:53.297+0000] {manager.py:828} INFO - 
================================================================================
DAG File Processing Stats

File Path                                               PID    Runtime      # DAGs    # Errors  Last Runtime    Last Run
------------------------------------------------------  -----  ---------  --------  ----------  --------------  -------------------
/opt/airflow/dags/pipeline_ETL_dataRaw_to_dataClean.py                           0           1  1.09s           2024-07-31T16:02:25
================================================================================
[2024-07-31T16:03:18.419+0000] {manager.py:462} INFO - Exiting gracefully upon receiving signal 15
[2024-07-31T16:13:12.976+0000] {manager.py:480} INFO - Processing files using up to 2 processes at a time 
[2024-07-31T16:13:13.057+0000] {manager.py:481} INFO - Process each file at most once every 30 seconds
[2024-07-31T16:13:13.058+0000] {manager.py:483} INFO - Checking for new files in /opt/airflow/dags every 300 seconds
[2024-07-31T16:13:13.059+0000] {manager.py:709} INFO - Searching for files in /opt/airflow/dags
[2024-07-31T16:13:13.075+0000] {manager.py:712} INFO - There are 1 files in /opt/airflow/dags
[2024-07-31T16:13:13.134+0000] {manager.py:828} INFO - 
================================================================================
DAG File Processing Stats

File Path                                                 PID  Runtime      # DAGs    # Errors  Last Runtime    Last Run
------------------------------------------------------  -----  ---------  --------  ----------  --------------  ----------
/opt/airflow/dags/pipeline_ETL_dataRaw_to_dataClean.py    195  0.01s             0           0
================================================================================
[2024-07-31T16:13:43.220+0000] {manager.py:828} INFO - 
================================================================================
DAG File Processing Stats

File Path                                               PID    Runtime      # DAGs    # Errors  Last Runtime    Last Run
------------------------------------------------------  -----  ---------  --------  ----------  --------------  -------------------
/opt/airflow/dags/pipeline_ETL_dataRaw_to_dataClean.py                           0           1  0.61s           2024-07-31T16:13:13
================================================================================
[2024-07-31T16:14:03.717+0000] {manager.py:462} INFO - Exiting gracefully upon receiving signal 15
[2024-07-31T16:14:27.986+0000] {manager.py:480} INFO - Processing files using up to 2 processes at a time 
[2024-07-31T16:14:27.989+0000] {manager.py:481} INFO - Process each file at most once every 30 seconds
[2024-07-31T16:14:27.989+0000] {manager.py:483} INFO - Checking for new files in /opt/airflow/dags every 300 seconds
[2024-07-31T16:14:27.989+0000] {manager.py:709} INFO - Searching for files in /opt/airflow/dags
[2024-07-31T16:14:27.994+0000] {manager.py:712} INFO - There are 1 files in /opt/airflow/dags
[2024-07-31T16:14:28.032+0000] {manager.py:828} INFO - 
================================================================================
DAG File Processing Stats

File Path                                                 PID  Runtime      # DAGs    # Errors  Last Runtime    Last Run
------------------------------------------------------  -----  ---------  --------  ----------  --------------  ----------
/opt/airflow/dags/pipeline_ETL_dataRaw_to_dataClean.py    195  0.01s             0           0
================================================================================
[2024-07-31T16:14:58.172+0000] {manager.py:828} INFO - 
================================================================================
DAG File Processing Stats

File Path                                               PID    Runtime      # DAGs    # Errors  Last Runtime    Last Run
------------------------------------------------------  -----  ---------  --------  ----------  --------------  -------------------
/opt/airflow/dags/pipeline_ETL_dataRaw_to_dataClean.py                           0           1  0.27s           2024-07-31T16:14:28
================================================================================
[2024-07-31T16:15:28.518+0000] {manager.py:828} INFO - 
================================================================================
DAG File Processing Stats

File Path                                               PID    Runtime      # DAGs    # Errors  Last Runtime    Last Run
------------------------------------------------------  -----  ---------  --------  ----------  --------------  -------------------
/opt/airflow/dags/pipeline_ETL_dataRaw_to_dataClean.py                           0           1  0.54s           2024-07-31T16:15:15
================================================================================
[2024-07-31T16:15:59.206+0000] {manager.py:828} INFO - 
================================================================================
DAG File Processing Stats

File Path                                               PID    Runtime      # DAGs    # Errors  Last Runtime    Last Run
------------------------------------------------------  -----  ---------  --------  ----------  --------------  -------------------
/opt/airflow/dags/pipeline_ETL_dataRaw_to_dataClean.py                           0           1  0.66s           2024-07-31T16:15:46
================================================================================
[2024-07-31T16:16:29.225+0000] {manager.py:511} INFO - DAG Pipeline_ETL_dataRaw_to_dataClean is missing and will be deactivated.
[2024-07-31T16:16:29.250+0000] {manager.py:521} INFO - Deactivated 1 DAGs which are no longer present in file.
[2024-07-31T16:16:29.254+0000] {manager.py:828} INFO - 
================================================================================
DAG File Processing Stats

File Path                                               PID    Runtime      # DAGs    # Errors  Last Runtime    Last Run
------------------------------------------------------  -----  ---------  --------  ----------  --------------  -------------------
/opt/airflow/dags/pipeline_ETL_dataRaw_to_dataClean.py                           0           1  0.82s           2024-07-31T16:16:17
================================================================================
[2024-07-31T16:16:59.550+0000] {manager.py:828} INFO - 
================================================================================
DAG File Processing Stats

File Path                                               PID    Runtime      # DAGs    # Errors  Last Runtime    Last Run
------------------------------------------------------  -----  ---------  --------  ----------  --------------  -------------------
/opt/airflow/dags/pipeline_ETL_dataRaw_to_dataClean.py                           0           1  0.81s           2024-07-31T16:16:48
================================================================================
[2024-07-31T16:17:29.700+0000] {manager.py:828} INFO - 
================================================================================
DAG File Processing Stats

File Path                                               PID    Runtime      # DAGs    # Errors  Last Runtime    Last Run
------------------------------------------------------  -----  ---------  --------  ----------  --------------  -------------------
/opt/airflow/dags/pipeline_ETL_dataRaw_to_dataClean.py                           0           1  0.70s           2024-07-31T16:17:19
================================================================================
[2024-07-31T16:17:59.890+0000] {manager.py:828} INFO - 
================================================================================
DAG File Processing Stats

File Path                                               PID    Runtime      # DAGs    # Errors  Last Runtime    Last Run
------------------------------------------------------  -----  ---------  --------  ----------  --------------  -------------------
/opt/airflow/dags/pipeline_ETL_dataRaw_to_dataClean.py                           0           1  0.95s           2024-07-31T16:17:50
================================================================================
[2024-07-31T16:18:30.105+0000] {manager.py:828} INFO - 
================================================================================
DAG File Processing Stats

File Path                                               PID    Runtime      # DAGs    # Errors  Last Runtime    Last Run
------------------------------------------------------  -----  ---------  --------  ----------  --------------  -------------------
/opt/airflow/dags/pipeline_ETL_dataRaw_to_dataClean.py                           0           1  0.79s           2024-07-31T16:18:21
================================================================================
[2024-07-31T16:19:00.362+0000] {manager.py:828} INFO - 
================================================================================
DAG File Processing Stats

File Path                                               PID    Runtime      # DAGs    # Errors  Last Runtime    Last Run
------------------------------------------------------  -----  ---------  --------  ----------  --------------  -------------------
/opt/airflow/dags/pipeline_ETL_dataRaw_to_dataClean.py                           0           1  0.72s           2024-07-31T16:18:51
================================================================================
[2024-07-31T16:19:28.482+0000] {manager.py:709} INFO - Searching for files in /opt/airflow/dags
[2024-07-31T16:19:28.495+0000] {manager.py:712} INFO - There are 1 files in /opt/airflow/dags
[2024-07-31T16:19:30.531+0000] {manager.py:828} INFO - 
================================================================================
DAG File Processing Stats

File Path                                               PID    Runtime      # DAGs    # Errors  Last Runtime    Last Run
------------------------------------------------------  -----  ---------  --------  ----------  --------------  -------------------
/opt/airflow/dags/pipeline_ETL_dataRaw_to_dataClean.py                           0           1  0.73s           2024-07-31T16:19:22
================================================================================
[2024-07-31T16:20:00.682+0000] {manager.py:828} INFO - 
================================================================================
DAG File Processing Stats

File Path                                               PID    Runtime      # DAGs    # Errors  Last Runtime    Last Run
------------------------------------------------------  -----  ---------  --------  ----------  --------------  -------------------
/opt/airflow/dags/pipeline_ETL_dataRaw_to_dataClean.py                           0           1  0.82s           2024-07-31T16:19:53
================================================================================
[2024-07-31T16:20:30.769+0000] {manager.py:828} INFO - 
================================================================================
DAG File Processing Stats

File Path                                               PID    Runtime      # DAGs    # Errors  Last Runtime    Last Run
------------------------------------------------------  -----  ---------  --------  ----------  --------------  -------------------
/opt/airflow/dags/pipeline_ETL_dataRaw_to_dataClean.py                           0           1  0.67s           2024-07-31T16:20:24
================================================================================
[2024-07-31T16:20:35.911+0000] {manager.py:462} INFO - Exiting gracefully upon receiving signal 15
[2024-07-31T16:21:03.199+0000] {manager.py:480} INFO - Processing files using up to 2 processes at a time 
[2024-07-31T16:21:03.209+0000] {manager.py:481} INFO - Process each file at most once every 30 seconds
[2024-07-31T16:21:03.209+0000] {manager.py:483} INFO - Checking for new files in /opt/airflow/dags every 300 seconds
[2024-07-31T16:21:03.211+0000] {manager.py:709} INFO - Searching for files in /opt/airflow/dags
[2024-07-31T16:21:03.233+0000] {manager.py:712} INFO - There are 1 files in /opt/airflow/dags
[2024-07-31T16:21:03.349+0000] {manager.py:828} INFO - 
================================================================================
DAG File Processing Stats

File Path                                                 PID  Runtime      # DAGs    # Errors  Last Runtime    Last Run
------------------------------------------------------  -----  ---------  --------  ----------  --------------  ----------
/opt/airflow/dags/pipeline_ETL_dataRaw_to_dataClean.py    194  0.04s             0           0
================================================================================
[2024-07-31T16:21:33.560+0000] {manager.py:828} INFO - 
================================================================================
DAG File Processing Stats

File Path                                               PID    Runtime      # DAGs    # Errors  Last Runtime    Last Run
------------------------------------------------------  -----  ---------  --------  ----------  --------------  -------------------
/opt/airflow/dags/pipeline_ETL_dataRaw_to_dataClean.py                           0           1  0.99s           2024-07-31T16:21:04
================================================================================
[2024-07-31T16:22:03.813+0000] {manager.py:828} INFO - 
================================================================================
DAG File Processing Stats

File Path                                               PID    Runtime      # DAGs    # Errors  Last Runtime    Last Run
------------------------------------------------------  -----  ---------  --------  ----------  --------------  -------------------
/opt/airflow/dags/pipeline_ETL_dataRaw_to_dataClean.py                           0           1  1.14s           2024-07-31T16:21:35
================================================================================
[2024-07-31T16:22:34.026+0000] {manager.py:828} INFO - 
================================================================================
DAG File Processing Stats

File Path                                               PID    Runtime      # DAGs    # Errors  Last Runtime    Last Run
------------------------------------------------------  -----  ---------  --------  ----------  --------------  -------------------
/opt/airflow/dags/pipeline_ETL_dataRaw_to_dataClean.py                           0           1  0.75s           2024-07-31T16:22:06
================================================================================
[2024-07-31T16:23:04.283+0000] {manager.py:828} INFO - 
================================================================================
DAG File Processing Stats

File Path                                               PID    Runtime      # DAGs    # Errors  Last Runtime    Last Run
------------------------------------------------------  -----  ---------  --------  ----------  --------------  -------------------
/opt/airflow/dags/pipeline_ETL_dataRaw_to_dataClean.py                           0           1  1.35s           2024-07-31T16:22:38
================================================================================
[2024-07-31T16:23:34.814+0000] {manager.py:828} INFO - 
================================================================================
DAG File Processing Stats

File Path                                               PID    Runtime      # DAGs    # Errors  Last Runtime    Last Run
------------------------------------------------------  -----  ---------  --------  ----------  --------------  -------------------
/opt/airflow/dags/pipeline_ETL_dataRaw_to_dataClean.py                           0           1  4.58s           2024-07-31T16:23:12
================================================================================
[2024-07-31T16:24:05.700+0000] {manager.py:828} INFO - 
================================================================================
DAG File Processing Stats

File Path                                               PID    Runtime      # DAGs    # Errors  Last Runtime    Last Run
------------------------------------------------------  -----  ---------  --------  ----------  --------------  -------------------
/opt/airflow/dags/pipeline_ETL_dataRaw_to_dataClean.py                           0           1  5.56s           2024-07-31T16:23:48
================================================================================
[2024-07-31T16:24:35.861+0000] {manager.py:828} INFO - 
================================================================================
DAG File Processing Stats

File Path                                               PID    Runtime      # DAGs    # Errors  Last Runtime    Last Run
------------------------------------------------------  -----  ---------  --------  ----------  --------------  -------------------
/opt/airflow/dags/pipeline_ETL_dataRaw_to_dataClean.py                           0           1  1.97s           2024-07-31T16:24:20
================================================================================
[2024-07-31T16:25:06.171+0000] {manager.py:828} INFO - 
================================================================================
DAG File Processing Stats

File Path                                               PID    Runtime      # DAGs    # Errors  Last Runtime    Last Run
------------------------------------------------------  -----  ---------  --------  ----------  --------------  -------------------
/opt/airflow/dags/pipeline_ETL_dataRaw_to_dataClean.py                           0           1  4.42s           2024-07-31T16:24:55
================================================================================
[2024-07-31T16:25:33.918+0000] {manager.py:462} INFO - Exiting gracefully upon receiving signal 15
[2024-07-31T16:31:20.806+0000] {manager.py:480} INFO - Processing files using up to 2 processes at a time 
[2024-07-31T16:31:20.830+0000] {manager.py:481} INFO - Process each file at most once every 30 seconds
[2024-07-31T16:31:20.832+0000] {manager.py:483} INFO - Checking for new files in /opt/airflow/dags every 300 seconds
[2024-07-31T16:31:20.834+0000] {manager.py:709} INFO - Searching for files in /opt/airflow/dags
[2024-07-31T16:31:20.861+0000] {manager.py:712} INFO - There are 1 files in /opt/airflow/dags
[2024-07-31T16:31:20.978+0000] {manager.py:828} INFO - 
================================================================================
DAG File Processing Stats

File Path                                                 PID  Runtime      # DAGs    # Errors  Last Runtime    Last Run
------------------------------------------------------  -----  ---------  --------  ----------  --------------  ----------
/opt/airflow/dags/pipeline_ETL_dataRaw_to_dataClean.py    194  0.02s             0           0
================================================================================
[2024-07-31T16:31:51.148+0000] {manager.py:828} INFO - 
================================================================================
DAG File Processing Stats

File Path                                               PID    Runtime      # DAGs    # Errors  Last Runtime    Last Run
------------------------------------------------------  -----  ---------  --------  ----------  --------------  -------------------
/opt/airflow/dags/pipeline_ETL_dataRaw_to_dataClean.py                           0           1  1.06s           2024-07-31T16:31:22
================================================================================
[2024-07-31T16:32:21.334+0000] {manager.py:828} INFO - 
================================================================================
DAG File Processing Stats

File Path                                               PID    Runtime      # DAGs    # Errors  Last Runtime    Last Run
------------------------------------------------------  -----  ---------  --------  ----------  --------------  -------------------
/opt/airflow/dags/pipeline_ETL_dataRaw_to_dataClean.py                           0           1  0.73s           2024-07-31T16:31:52
================================================================================
[2024-07-31T16:32:51.494+0000] {manager.py:828} INFO - 
================================================================================
DAG File Processing Stats

File Path                                               PID    Runtime      # DAGs    # Errors  Last Runtime    Last Run
------------------------------------------------------  -----  ---------  --------  ----------  --------------  -------------------
/opt/airflow/dags/pipeline_ETL_dataRaw_to_dataClean.py                           0           1  0.59s           2024-07-31T16:32:23
================================================================================
[2024-07-31T16:33:21.660+0000] {manager.py:828} INFO - 
================================================================================
DAG File Processing Stats

File Path                                               PID    Runtime      # DAGs    # Errors  Last Runtime    Last Run
------------------------------------------------------  -----  ---------  --------  ----------  --------------  -------------------
/opt/airflow/dags/pipeline_ETL_dataRaw_to_dataClean.py                           0           1  0.67s           2024-07-31T16:32:54
================================================================================
[2024-07-31T16:33:23.978+0000] {manager.py:462} INFO - Exiting gracefully upon receiving signal 15
[2024-07-31T16:34:13.630+0000] {manager.py:480} INFO - Processing files using up to 2 processes at a time 
[2024-07-31T16:34:13.635+0000] {manager.py:481} INFO - Process each file at most once every 30 seconds
[2024-07-31T16:34:13.635+0000] {manager.py:483} INFO - Checking for new files in /opt/airflow/dags every 300 seconds
[2024-07-31T16:34:13.635+0000] {manager.py:709} INFO - Searching for files in /opt/airflow/dags
[2024-07-31T16:34:13.640+0000] {manager.py:712} INFO - There are 1 files in /opt/airflow/dags
[2024-07-31T16:34:13.700+0000] {manager.py:828} INFO - 
================================================================================
DAG File Processing Stats

File Path                                                 PID  Runtime      # DAGs    # Errors  Last Runtime    Last Run
------------------------------------------------------  -----  ---------  --------  ----------  --------------  ----------
/opt/airflow/dags/pipeline_ETL_dataRaw_to_dataClean.py    194  0.02s             0           0
================================================================================
[2024-07-31T16:34:43.768+0000] {manager.py:828} INFO - 
================================================================================
DAG File Processing Stats

File Path                                               PID    Runtime      # DAGs    # Errors  Last Runtime    Last Run
------------------------------------------------------  -----  ---------  --------  ----------  --------------  -------------------
/opt/airflow/dags/pipeline_ETL_dataRaw_to_dataClean.py                           0           1  0.38s           2024-07-31T16:34:14
================================================================================
[2024-07-31T16:35:13.912+0000] {manager.py:828} INFO - 
================================================================================
DAG File Processing Stats

File Path                                               PID    Runtime      # DAGs    # Errors  Last Runtime    Last Run
------------------------------------------------------  -----  ---------  --------  ----------  --------------  -------------------
/opt/airflow/dags/pipeline_ETL_dataRaw_to_dataClean.py                           0           1  0.68s           2024-07-31T16:34:44
================================================================================
[2024-07-31T16:35:44.059+0000] {manager.py:828} INFO - 
================================================================================
DAG File Processing Stats

File Path                                               PID    Runtime      # DAGs    # Errors  Last Runtime    Last Run
------------------------------------------------------  -----  ---------  --------  ----------  --------------  -------------------
/opt/airflow/dags/pipeline_ETL_dataRaw_to_dataClean.py                           0           1  0.59s           2024-07-31T16:35:15
================================================================================
[2024-07-31T16:36:14.215+0000] {manager.py:828} INFO - 
================================================================================
DAG File Processing Stats

File Path                                               PID    Runtime      # DAGs    # Errors  Last Runtime    Last Run
------------------------------------------------------  -----  ---------  --------  ----------  --------------  -------------------
/opt/airflow/dags/pipeline_ETL_dataRaw_to_dataClean.py                           0           1  0.62s           2024-07-31T16:35:46
================================================================================
[2024-07-31T16:36:44.636+0000] {manager.py:828} INFO - 
================================================================================
DAG File Processing Stats

File Path                                               PID    Runtime      # DAGs    # Errors  Last Runtime    Last Run
------------------------------------------------------  -----  ---------  --------  ----------  --------------  -------------------
/opt/airflow/dags/pipeline_ETL_dataRaw_to_dataClean.py                           0           1  1.57s           2024-07-31T16:36:17
================================================================================
[2024-07-31T16:37:14.743+0000] {manager.py:828} INFO - 
================================================================================
DAG File Processing Stats

File Path                                               PID    Runtime      # DAGs    # Errors  Last Runtime    Last Run
------------------------------------------------------  -----  ---------  --------  ----------  --------------  -------------------
/opt/airflow/dags/pipeline_ETL_dataRaw_to_dataClean.py                           0           1  1.46s           2024-07-31T16:36:49
================================================================================
[2024-07-31T16:37:44.917+0000] {manager.py:828} INFO - 
================================================================================
DAG File Processing Stats

File Path                                               PID    Runtime      # DAGs    # Errors  Last Runtime    Last Run
------------------------------------------------------  -----  ---------  --------  ----------  --------------  -------------------
/opt/airflow/dags/pipeline_ETL_dataRaw_to_dataClean.py                           0           1  1.68s           2024-07-31T16:37:21
================================================================================
[2024-07-31T16:38:15.086+0000] {manager.py:828} INFO - 
================================================================================
DAG File Processing Stats

File Path                                               PID    Runtime      # DAGs    # Errors  Last Runtime    Last Run
------------------------------------------------------  -----  ---------  --------  ----------  --------------  -------------------
/opt/airflow/dags/pipeline_ETL_dataRaw_to_dataClean.py                           0           1  0.70s           2024-07-31T16:37:52
================================================================================
[2024-07-31T16:38:45.291+0000] {manager.py:828} INFO - 
================================================================================
DAG File Processing Stats

File Path                                               PID    Runtime      # DAGs    # Errors  Last Runtime    Last Run
------------------------------------------------------  -----  ---------  --------  ----------  --------------  -------------------
/opt/airflow/dags/pipeline_ETL_dataRaw_to_dataClean.py                           0           1  0.80s           2024-07-31T16:38:23
================================================================================
[2024-07-31T16:39:14.148+0000] {manager.py:709} INFO - Searching for files in /opt/airflow/dags
[2024-07-31T16:39:14.170+0000] {manager.py:712} INFO - There are 1 files in /opt/airflow/dags
[2024-07-31T16:39:15.510+0000] {manager.py:828} INFO - 
================================================================================
DAG File Processing Stats

File Path                                               PID    Runtime      # DAGs    # Errors  Last Runtime    Last Run
------------------------------------------------------  -----  ---------  --------  ----------  --------------  -------------------
/opt/airflow/dags/pipeline_ETL_dataRaw_to_dataClean.py                           0           1  0.70s           2024-07-31T16:38:54
================================================================================
[2024-07-31T16:39:45.653+0000] {manager.py:828} INFO - 
================================================================================
DAG File Processing Stats

File Path                                               PID    Runtime      # DAGs    # Errors  Last Runtime    Last Run
------------------------------------------------------  -----  ---------  --------  ----------  --------------  -------------------
/opt/airflow/dags/pipeline_ETL_dataRaw_to_dataClean.py                           0           1  0.87s           2024-07-31T16:39:25
================================================================================
[2024-07-31T16:40:15.888+0000] {manager.py:828} INFO - 
================================================================================
DAG File Processing Stats

File Path                                               PID    Runtime      # DAGs    # Errors  Last Runtime    Last Run
------------------------------------------------------  -----  ---------  --------  ----------  --------------  -------------------
/opt/airflow/dags/pipeline_ETL_dataRaw_to_dataClean.py                           0           1  0.78s           2024-07-31T16:39:56
================================================================================
[2024-07-31T16:40:46.175+0000] {manager.py:828} INFO - 
================================================================================
DAG File Processing Stats

File Path                                               PID    Runtime      # DAGs    # Errors  Last Runtime    Last Run
------------------------------------------------------  -----  ---------  --------  ----------  --------------  -------------------
/opt/airflow/dags/pipeline_ETL_dataRaw_to_dataClean.py                           0           1  1.02s           2024-07-31T16:40:27
================================================================================
[2024-07-31T16:41:16.485+0000] {manager.py:828} INFO - 
================================================================================
DAG File Processing Stats

File Path                                               PID    Runtime      # DAGs    # Errors  Last Runtime    Last Run
------------------------------------------------------  -----  ---------  --------  ----------  --------------  -------------------
/opt/airflow/dags/pipeline_ETL_dataRaw_to_dataClean.py                           0           1  1.32s           2024-07-31T16:40:58
================================================================================
[2024-07-31T16:41:46.803+0000] {manager.py:828} INFO - 
================================================================================
DAG File Processing Stats

File Path                                               PID    Runtime      # DAGs    # Errors  Last Runtime    Last Run
------------------------------------------------------  -----  ---------  --------  ----------  --------------  -------------------
/opt/airflow/dags/pipeline_ETL_dataRaw_to_dataClean.py                           0           1  0.67s           2024-07-31T16:41:29
================================================================================
[2024-07-31T16:42:16.968+0000] {manager.py:828} INFO - 
================================================================================
DAG File Processing Stats

File Path                                               PID    Runtime      # DAGs    # Errors  Last Runtime    Last Run
------------------------------------------------------  -----  ---------  --------  ----------  --------------  -------------------
/opt/airflow/dags/pipeline_ETL_dataRaw_to_dataClean.py                           0           1  0.63s           2024-07-31T16:42:00
================================================================================
[2024-07-31T16:42:47.126+0000] {manager.py:828} INFO - 
================================================================================
DAG File Processing Stats

File Path                                               PID    Runtime      # DAGs    # Errors  Last Runtime    Last Run
------------------------------------------------------  -----  ---------  --------  ----------  --------------  -------------------
/opt/airflow/dags/pipeline_ETL_dataRaw_to_dataClean.py                           0           1  0.74s           2024-07-31T16:42:31
================================================================================
[2024-07-31T16:43:17.329+0000] {manager.py:828} INFO - 
================================================================================
DAG File Processing Stats

File Path                                               PID    Runtime      # DAGs    # Errors  Last Runtime    Last Run
------------------------------------------------------  -----  ---------  --------  ----------  --------------  -------------------
/opt/airflow/dags/pipeline_ETL_dataRaw_to_dataClean.py                           0           1  0.69s           2024-07-31T16:43:01
================================================================================
[2024-07-31T16:43:47.477+0000] {manager.py:828} INFO - 
================================================================================
DAG File Processing Stats

File Path                                               PID    Runtime      # DAGs    # Errors  Last Runtime    Last Run
------------------------------------------------------  -----  ---------  --------  ----------  --------------  -------------------
/opt/airflow/dags/pipeline_ETL_dataRaw_to_dataClean.py                           0           1  0.69s           2024-07-31T16:43:32
================================================================================
[2024-07-31T16:44:14.614+0000] {manager.py:709} INFO - Searching for files in /opt/airflow/dags
[2024-07-31T16:44:14.632+0000] {manager.py:712} INFO - There are 1 files in /opt/airflow/dags
[2024-07-31T16:44:17.681+0000] {manager.py:828} INFO - 
================================================================================
DAG File Processing Stats

File Path                                               PID    Runtime      # DAGs    # Errors  Last Runtime    Last Run
------------------------------------------------------  -----  ---------  --------  ----------  --------------  -------------------
/opt/airflow/dags/pipeline_ETL_dataRaw_to_dataClean.py                           0           1  0.65s           2024-07-31T16:44:03
================================================================================
[2024-07-31T16:44:47.950+0000] {manager.py:828} INFO - 
================================================================================
DAG File Processing Stats

File Path                                               PID    Runtime      # DAGs    # Errors  Last Runtime    Last Run
------------------------------------------------------  -----  ---------  --------  ----------  --------------  -------------------
/opt/airflow/dags/pipeline_ETL_dataRaw_to_dataClean.py                           0           1  0.65s           2024-07-31T16:44:34
================================================================================
[2024-07-31T16:45:18.150+0000] {manager.py:828} INFO - 
================================================================================
DAG File Processing Stats

File Path                                               PID    Runtime      # DAGs    # Errors  Last Runtime    Last Run
------------------------------------------------------  -----  ---------  --------  ----------  --------------  -------------------
/opt/airflow/dags/pipeline_ETL_dataRaw_to_dataClean.py                           0           1  0.65s           2024-07-31T16:45:05
================================================================================
[2024-07-31T16:45:48.265+0000] {manager.py:828} INFO - 
================================================================================
DAG File Processing Stats

File Path                                               PID    Runtime      # DAGs    # Errors  Last Runtime    Last Run
------------------------------------------------------  -----  ---------  --------  ----------  --------------  -------------------
/opt/airflow/dags/pipeline_ETL_dataRaw_to_dataClean.py                           0           1  0.79s           2024-07-31T16:45:36
================================================================================
[2024-07-31T16:46:18.686+0000] {manager.py:828} INFO - 
================================================================================
DAG File Processing Stats

File Path                                               PID    Runtime      # DAGs    # Errors  Last Runtime    Last Run
------------------------------------------------------  -----  ---------  --------  ----------  --------------  -------------------
/opt/airflow/dags/pipeline_ETL_dataRaw_to_dataClean.py                           0           1  0.72s           2024-07-31T16:46:07
================================================================================
[2024-07-31T16:46:48.886+0000] {manager.py:828} INFO - 
================================================================================
DAG File Processing Stats

File Path                                               PID    Runtime      # DAGs    # Errors  Last Runtime    Last Run
------------------------------------------------------  -----  ---------  --------  ----------  --------------  -------------------
/opt/airflow/dags/pipeline_ETL_dataRaw_to_dataClean.py                           0           1  0.60s           2024-07-31T16:46:37
================================================================================
[2024-07-31T16:47:19.095+0000] {manager.py:828} INFO - 
================================================================================
DAG File Processing Stats

File Path                                               PID    Runtime      # DAGs    # Errors  Last Runtime    Last Run
------------------------------------------------------  -----  ---------  --------  ----------  --------------  -------------------
/opt/airflow/dags/pipeline_ETL_dataRaw_to_dataClean.py                           0           1  0.66s           2024-07-31T16:47:08
================================================================================
[2024-07-31T16:47:49.953+0000] {manager.py:828} INFO - 
================================================================================
DAG File Processing Stats

File Path                                               PID    Runtime      # DAGs    # Errors  Last Runtime    Last Run
------------------------------------------------------  -----  ---------  --------  ----------  --------------  -------------------
/opt/airflow/dags/pipeline_ETL_dataRaw_to_dataClean.py                           0           1  1.07s           2024-07-31T16:47:39
================================================================================
[2024-07-31T16:48:20.174+0000] {manager.py:828} INFO - 
================================================================================
DAG File Processing Stats

File Path                                               PID    Runtime      # DAGs    # Errors  Last Runtime    Last Run
------------------------------------------------------  -----  ---------  --------  ----------  --------------  -------------------
/opt/airflow/dags/pipeline_ETL_dataRaw_to_dataClean.py                           0           1  3.03s           2024-07-31T16:48:13
================================================================================
[2024-07-31T16:48:50.376+0000] {manager.py:828} INFO - 
================================================================================
DAG File Processing Stats

File Path                                               PID    Runtime      # DAGs    # Errors  Last Runtime    Last Run
------------------------------------------------------  -----  ---------  --------  ----------  --------------  -------------------
/opt/airflow/dags/pipeline_ETL_dataRaw_to_dataClean.py                           0           1  3.17s           2024-07-31T16:48:46
================================================================================
[2024-07-31T16:49:15.024+0000] {manager.py:709} INFO - Searching for files in /opt/airflow/dags
[2024-07-31T16:49:15.034+0000] {manager.py:712} INFO - There are 1 files in /opt/airflow/dags
[2024-07-31T16:49:20.448+0000] {manager.py:828} INFO - 
================================================================================
DAG File Processing Stats

File Path                                               PID    Runtime      # DAGs    # Errors  Last Runtime    Last Run
------------------------------------------------------  -----  ---------  --------  ----------  --------------  -------------------
/opt/airflow/dags/pipeline_ETL_dataRaw_to_dataClean.py                           0           1  1.35s           2024-07-31T16:49:18
================================================================================
[2024-07-31T16:49:50.771+0000] {manager.py:828} INFO - 
================================================================================
DAG File Processing Stats

File Path                                                 PID  Runtime      # DAGs    # Errors  Last Runtime    Last Run
------------------------------------------------------  -----  ---------  --------  ----------  --------------  -------------------
/opt/airflow/dags/pipeline_ETL_dataRaw_to_dataClean.py    375  2.22s             0           1  1.35s           2024-07-31T16:49:18
================================================================================
[2024-07-31T16:50:21.025+0000] {manager.py:828} INFO - 
================================================================================
DAG File Processing Stats

File Path                                               PID    Runtime      # DAGs    # Errors  Last Runtime    Last Run
------------------------------------------------------  -----  ---------  --------  ----------  --------------  -------------------
/opt/airflow/dags/pipeline_ETL_dataRaw_to_dataClean.py                           0           1  7.02s           2024-07-31T16:49:55
================================================================================
[2024-07-31T16:50:51.528+0000] {manager.py:828} INFO - 
================================================================================
DAG File Processing Stats

File Path                                               PID    Runtime      # DAGs    # Errors  Last Runtime    Last Run
------------------------------------------------------  -----  ---------  --------  ----------  --------------  -------------------
/opt/airflow/dags/pipeline_ETL_dataRaw_to_dataClean.py                           0           1  4.54s           2024-07-31T16:50:30
================================================================================
[2024-07-31T16:51:21.893+0000] {manager.py:828} INFO - 
================================================================================
DAG File Processing Stats

File Path                                               PID    Runtime      # DAGs    # Errors  Last Runtime    Last Run
------------------------------------------------------  -----  ---------  --------  ----------  --------------  -------------------
/opt/airflow/dags/pipeline_ETL_dataRaw_to_dataClean.py                           0           1  2.42s           2024-07-31T16:51:03
================================================================================
[2024-07-31T16:51:52.080+0000] {manager.py:828} INFO - 
================================================================================
DAG File Processing Stats

File Path                                               PID    Runtime      # DAGs    # Errors  Last Runtime    Last Run
------------------------------------------------------  -----  ---------  --------  ----------  --------------  -------------------
/opt/airflow/dags/pipeline_ETL_dataRaw_to_dataClean.py                           0           1  4.13s           2024-07-31T16:51:37
================================================================================
[2024-07-31T16:52:28.787+0000] {manager.py:828} INFO - 
================================================================================
DAG File Processing Stats

File Path                                                 PID  Runtime      # DAGs    # Errors  Last Runtime    Last Run
------------------------------------------------------  -----  ---------  --------  ----------  --------------  -------------------
/opt/airflow/dags/pipeline_ETL_dataRaw_to_dataClean.py    399  18.95s            0           1  4.13s           2024-07-31T16:51:37
================================================================================
[2024-07-31T16:53:00.256+0000] {manager.py:828} INFO - 
================================================================================
DAG File Processing Stats

File Path                                               PID    Runtime      # DAGs    # Errors  Last Runtime    Last Run
------------------------------------------------------  -----  ---------  --------  ----------  --------------  -------------------
/opt/airflow/dags/pipeline_ETL_dataRaw_to_dataClean.py                           0           1  32.48s          2024-07-31T16:52:40
================================================================================
[2024-07-31T16:53:30.425+0000] {manager.py:828} INFO - 
================================================================================
DAG File Processing Stats

File Path                                               PID    Runtime      # DAGs    # Errors  Last Runtime    Last Run
------------------------------------------------------  -----  ---------  --------  ----------  --------------  -------------------
/opt/airflow/dags/pipeline_ETL_dataRaw_to_dataClean.py                           0           1  9.02s           2024-07-31T16:53:19
================================================================================
[2024-07-31T16:54:01.161+0000] {manager.py:828} INFO - 
================================================================================
DAG File Processing Stats

File Path                                               PID    Runtime      # DAGs    # Errors  Last Runtime    Last Run
------------------------------------------------------  -----  ---------  --------  ----------  --------------  -------------------
/opt/airflow/dags/pipeline_ETL_dataRaw_to_dataClean.py                           0           1  2.54s           2024-07-31T16:53:52
================================================================================
[2024-07-31T16:54:15.908+0000] {manager.py:709} INFO - Searching for files in /opt/airflow/dags
[2024-07-31T16:54:15.992+0000] {manager.py:712} INFO - There are 1 files in /opt/airflow/dags
[2024-07-31T16:54:32.117+0000] {manager.py:828} INFO - 
================================================================================
DAG File Processing Stats

File Path                                                 PID  Runtime      # DAGs    # Errors  Last Runtime    Last Run
------------------------------------------------------  -----  ---------  --------  ----------  --------------  -------------------
/opt/airflow/dags/pipeline_ETL_dataRaw_to_dataClean.py    417  9.48s             0           1  2.54s           2024-07-31T16:53:52
================================================================================
[2024-07-31T16:54:34.518+0000] {manager.py:462} INFO - Exiting gracefully upon receiving signal 15
[2024-07-31T16:54:35.088+0000] {manager.py:462} INFO - Exiting gracefully upon receiving signal 15
