[2024-07-31T15:52:05.808+0000] {taskinstance.py:1171} INFO - Dependencies all met for <TaskInstance: Pipeline_ETL_dataRaw_to_dataClean.FetchFromPostgresql scheduled__2024-07-22T06:30:00+00:00 [queued]>
[2024-07-31T15:52:05.846+0000] {taskinstance.py:1171} INFO - Dependencies all met for <TaskInstance: Pipeline_ETL_dataRaw_to_dataClean.FetchFromPostgresql scheduled__2024-07-22T06:30:00+00:00 [queued]>
[2024-07-31T15:52:05.849+0000] {taskinstance.py:1368} INFO - 
--------------------------------------------------------------------------------
[2024-07-31T15:52:05.851+0000] {taskinstance.py:1369} INFO - Starting attempt 1 of 7
[2024-07-31T15:52:05.852+0000] {taskinstance.py:1370} INFO - 
--------------------------------------------------------------------------------
[2024-07-31T15:52:05.877+0000] {taskinstance.py:1389} INFO - Executing <Task(PythonOperator): FetchFromPostgresql> on 2024-07-22 06:30:00+00:00
[2024-07-31T15:52:05.938+0000] {standard_task_runner.py:52} INFO - Started process 661 to run task
[2024-07-31T15:52:05.976+0000] {standard_task_runner.py:79} INFO - Running: ['***', 'tasks', 'run', 'Pipeline_ETL_dataRaw_to_dataClean', 'FetchFromPostgresql', 'scheduled__2024-07-22T06:30:00+00:00', '--job-id', '46', '--raw', '--subdir', 'DAGS_FOLDER/pipeline_ETL_dataRaw_to_dataClean.py', '--cfg-path', '/tmp/tmp3d30ldmb', '--error-file', '/tmp/tmp5j3ytlf9']
[2024-07-31T15:52:05.986+0000] {standard_task_runner.py:80} INFO - Job 46: Subtask FetchFromPostgresql
[2024-07-31T15:52:06.311+0000] {task_command.py:371} INFO - Running <TaskInstance: Pipeline_ETL_dataRaw_to_dataClean.FetchFromPostgresql scheduled__2024-07-22T06:30:00+00:00 [running]> on host 44d2c61df54a
[2024-07-31T15:52:06.524+0000] {taskinstance.py:1583} INFO - Exporting the following env vars:
AIRFLOW_CTX_DAG_OWNER=yudis_aditya3
AIRFLOW_CTX_DAG_ID=Pipeline_ETL_dataRaw_to_dataClean
AIRFLOW_CTX_TASK_ID=FetchFromPostgresql
AIRFLOW_CTX_EXECUTION_DATE=2024-07-22T06:30:00+00:00
AIRFLOW_CTX_TRY_NUMBER=1
AIRFLOW_CTX_DAG_RUN_ID=scheduled__2024-07-22T06:30:00+00:00
[2024-07-31T15:52:07.054+0000] {python.py:173} INFO - Done. Returned value was: None
[2024-07-31T15:52:07.636+0000] {taskinstance.py:1412} INFO - Marking task as SUCCESS. dag_id=Pipeline_ETL_dataRaw_to_dataClean, task_id=FetchFromPostgresql, execution_date=20240722T063000, start_date=20240731T155205, end_date=20240731T155207
[2024-07-31T15:52:07.735+0000] {local_task_job.py:156} INFO - Task exited with return code 0
[2024-07-31T15:52:07.937+0000] {local_task_job.py:279} INFO - 0 downstream tasks scheduled from follow-on schedule check
